Library/Bee/Android/Prj/Mono2x/Gradle/unityLibrary/build/intermediates/manifest_merge_blame_file/release/manifest-merger-blame-release-report.txt
1<?xml version="1.0" encoding="utf-8"?>
2<manifest xmlns:android="http://schemas.android.com/apk/res/android"
3    xmlns:tools="http://schemas.android.com/tools"
4    package="com.unity3d.player" >
5
6    <uses-sdk android:minSdkVersion="22" />
6-->src\main\AndroidManifest.xml
7
8    <uses-permission android:name="android.permission.INTERNET" />
8-->src\main\AndroidManifest.xml:3:3-65
8-->src\main\AndroidManifest.xml:3:20-62
9
10    <uses-feature android:glEsVersion="0x00030000" />
10-->src\main\AndroidManifest.xml:4:3-52
10-->src\main\AndroidManifest.xml:4:17-49
11    <uses-feature
11-->src\main\AndroidManifest.xml:5:3-91
12        android:name="android.hardware.vulkan.version"
12-->src\main\AndroidManifest.xml:5:17-63
13        android:required="false" />
13-->src\main\AndroidManifest.xml:5:64-88
14    <uses-feature
14-->src\main\AndroidManifest.xml:6:3-88
15        android:name="android.hardware.touchscreen"
15-->src\main\AndroidManifest.xml:6:17-60
16        android:required="false" />
16-->src\main\AndroidManifest.xml:6:61-85
17    <uses-feature
17-->src\main\AndroidManifest.xml:7:3-99
18        android:name="android.hardware.touchscreen.multitouch"
18-->src\main\AndroidManifest.xml:7:17-71
19        android:required="false" />
19-->src\main\AndroidManifest.xml:7:72-96
20    <uses-feature
20-->src\main\AndroidManifest.xml:8:3-108
21        android:name="android.hardware.touchscreen.multitouch.distinct"
21-->src\main\AndroidManifest.xml:8:17-80
22        android:required="false" />
22-->src\main\AndroidManifest.xml:8:81-105
23
24    <application android:extractNativeLibs="true" >
24-->src\main\AndroidManifest.xml:9:3-25:17
24-->src\main\AndroidManifest.xml:9:16-48
25        <meta-data
25-->src\main\AndroidManifest.xml:10:5-69
26            android:name="unity.splash-mode"
26-->src\main\AndroidManifest.xml:10:16-48
27            android:value="0" />
27-->src\main\AndroidManifest.xml:10:49-66
28        <meta-data
28-->src\main\AndroidManifest.xml:11:5-74
29            android:name="unity.splash-enable"
29-->src\main\AndroidManifest.xml:11:16-50
30            android:value="True" />
30-->src\main\AndroidManifest.xml:11:51-71
31        <meta-data
31-->src\main\AndroidManifest.xml:12:5-78
32            android:name="unity.launch-fullscreen"
32-->src\main\AndroidManifest.xml:12:16-54
33            android:value="True" />
33-->src\main\AndroidManifest.xml:12:55-75
34        <meta-data
34-->src\main\AndroidManifest.xml:13:5-72
35            android:name="android.max_aspect"
35-->src\main\AndroidManifest.xml:13:16-49
36            android:value="2.1" />
36-->src\main\AndroidManifest.xml:13:50-69
37        <meta-data
37-->src\main\AndroidManifest.xml:14:5-84
38            android:name="unity.render-outside-safearea"
38-->src\main\AndroidManifest.xml:14:16-60
39            android:value="True" />
39-->src\main\AndroidManifest.xml:14:61-81
40        <meta-data
40-->src\main\AndroidManifest.xml:15:5-81
41            android:name="notch.config"
41-->src\main\AndroidManifest.xml:15:16-43
42            android:value="portrait|landscape" />
42-->src\main\AndroidManifest.xml:15:44-78
43        <meta-data
43-->src\main\AndroidManifest.xml:16:5-84
44            android:name="unity.auto-report-fully-drawn"
44-->src\main\AndroidManifest.xml:16:16-60
45            android:value="true" />
45-->src\main\AndroidManifest.xml:16:61-81
46
47        <activity
47-->src\main\AndroidManifest.xml:17:5-24:16
48            android:name="com.unity3d.player.UnityPlayerActivity"
48-->src\main\AndroidManifest.xml:17:15-68
49            android:configChanges="mcc|mnc|locale|touchscreen|keyboard|keyboardHidden|navigation|orientation|screenLayout|uiMode|screenSize|smallestScreenSize|fontScale|layoutDirection|density"
49-->src\main\AndroidManifest.xml:17:210-391
50            android:exported="true"
50-->src\main\AndroidManifest.xml:17:463-486
51            android:hardwareAccelerated="false"
51-->src\main\AndroidManifest.xml:17:427-462
52            android:launchMode="singleTask"
52-->src\main\AndroidManifest.xml:17:149-180
53            android:maxAspectRatio="2.1"
53-->src\main\AndroidManifest.xml:17:181-209
54            android:resizeableActivity="false"
54-->src\main\AndroidManifest.xml:17:392-426
55            android:screenOrientation="landscape"
55-->src\main\AndroidManifest.xml:17:111-148
56            android:theme="@style/UnityThemeSelector" >
56-->src\main\AndroidManifest.xml:17:69-110
57            <intent-filter>
57-->src\main\AndroidManifest.xml:18:7-21:23
58                <category android:name="android.intent.category.LAUNCHER" />
58-->src\main\AndroidManifest.xml:19:9-69
58-->src\main\AndroidManifest.xml:19:19-66
59
60                <action android:name="android.intent.action.MAIN" />
60-->src\main\AndroidManifest.xml:20:9-61
60-->src\main\AndroidManifest.xml:20:17-58
61            </intent-filter>
62
63            <meta-data
63-->src\main\AndroidManifest.xml:22:7-82
64                android:name="unityplayer.UnityActivity"
64-->src\main\AndroidManifest.xml:22:18-58
65                android:value="true" />
65-->src\main\AndroidManifest.xml:22:59-79
66            <meta-data
66-->src\main\AndroidManifest.xml:23:7-70
67                android:name="notch_support"
67-->src\main\AndroidManifest.xml:23:18-46
68                android:value="true" />
68-->src\main\AndroidManifest.xml:23:47-67
69        </activity>
70    </application>
71
72</manifest>